{
  message: '🧑‍💻 Database connected successfully',
  level: 'info',
  label: 'meow meow!',
  timestamp: '2023-07-16T15:00:57.154Z'
}
{
  message: 'Example app listening on port 5000',
  level: 'info',
  label: 'meow meow!',
  timestamp: '2023-07-16T15:00:57.169Z'
}
{
  message: 'SIGTERM IS RECEIVED',
  level: 'info',
  label: 'meow meow!',
  timestamp: '2023-07-16T15:06:34.679Z'
}
{
  message: '🧑‍💻 Database connected successfully',
  level: 'info',
  label: 'meow meow!',
  timestamp: '2023-07-16T15:10:29.415Z'
}
{
  message: 'Example app listening on port 5000',
  level: 'info',
  label: 'meow meow!',
  timestamp: '2023-07-16T15:10:29.425Z'
}
{
  message: 'SIGTERM IS RECEIVED',
  level: 'info',
  label: 'meow meow!',
  timestamp: '2023-07-16T15:14:10.628Z'
}
{
  message: '🧑‍💻 Database connected successfully',
  level: 'info',
  label: 'meow meow!',
  timestamp: '2023-07-16T15:14:39.968Z'
}
{
  message: 'Example app listening on port 5000',
  level: 'info',
  label: 'meow meow!',
  timestamp: '2023-07-16T15:14:39.978Z'
}
