{
  message: '🧑‍💻 Database connected successfully',
  level: 'info',
  label: 'meow meow!',
  timestamp: '2023-07-16T22:00:08.463Z'
}
{
  message: 'Example app listening on port 5000',
  level: 'info',
  label: 'meow meow!',
  timestamp: '2023-07-16T22:00:08.472Z'
}
{
  message: 'SIGTERM IS RECEIVED',
  level: 'info',
  label: 'meow meow!',
  timestamp: '2023-07-16T22:01:13.866Z'
}
{
  message: '🧑‍💻 Database connected successfully',
  level: 'info',
  label: 'meow meow!',
  timestamp: '2023-07-16T22:06:13.815Z'
}
{
  message: 'Example app listening on port 5000',
  level: 'info',
  label: 'meow meow!',
  timestamp: '2023-07-16T22:06:13.825Z'
}
{
  message: 'SIGTERM IS RECEIVED',
  level: 'info',
  label: 'meow meow!',
  timestamp: '2023-07-16T22:07:26.548Z'
}
{
  message: '🧑‍💻 Database connected successfully',
  level: 'info',
  label: 'meow meow!',
  timestamp: '2023-07-16T22:09:07.792Z'
}
{
  message: 'Example app listening on port 5000',
  level: 'info',
  label: 'meow meow!',
  timestamp: '2023-07-16T22:09:07.801Z'
}
{
  message: 'SIGTERM IS RECEIVED',
  level: 'info',
  label: 'meow meow!',
  timestamp: '2023-07-16T22:09:57.779Z'
}
{
  message: '🧑‍💻 Database connected successfully',
  level: 'info',
  label: 'meow meow!',
  timestamp: '2023-07-16T22:15:27.681Z'
}
{
  message: 'Example app listening on port 5000',
  level: 'info',
  label: 'meow meow!',
  timestamp: '2023-07-16T22:15:27.721Z'
}
{
  message: 'SIGTERM IS RECEIVED',
  level: 'info',
  label: 'meow meow!',
  timestamp: '2023-07-16T22:17:04.283Z'
}
{
  message: '🧑‍💻 Database connected successfully',
  level: 'info',
  label: 'meow meow!',
  timestamp: '2023-07-16T22:22:28.090Z'
}
{
  message: 'Example app listening on port 5000',
  level: 'info',
  label: 'meow meow!',
  timestamp: '2023-07-16T22:22:28.101Z'
}
{
  message: 'SIGTERM IS RECEIVED',
  level: 'info',
  label: 'meow meow!',
  timestamp: '2023-07-16T22:25:18.496Z'
}
