{
  message: '🧑‍💻 Database connected successfully',
  level: 'info',
  label: 'meow meow!',
  timestamp: '2023-07-13T18:01:01.972Z'
}
{
  message: 'Example app listening on port 5000',
  level: 'info',
  label: 'meow meow!',
  timestamp: '2023-07-13T18:01:01.980Z'
}
{
  message: 'SIGTERM IS RECEIVED',
  level: 'info',
  label: 'meow meow!',
  timestamp: '2023-07-13T18:05:15.025Z'
}
{
  message: '🧑‍💻 Database connected successfully',
  level: 'info',
  label: 'meow meow!',
  timestamp: '2023-07-13T18:36:42.450Z'
}
{
  message: 'Example app listening on port 5000',
  level: 'info',
  label: 'meow meow!',
  timestamp: '2023-07-13T18:36:42.459Z'
}
{
  message: 'SIGTERM IS RECEIVED',
  level: 'info',
  label: 'meow meow!',
  timestamp: '2023-07-13T18:44:13.071Z'
}
{
  message: '🧑‍💻 Database connected successfully',
  level: 'info',
  label: 'meow meow!',
  timestamp: '2023-07-13T18:45:21.543Z'
}
{
  message: 'Example app listening on port 5000',
  level: 'info',
  label: 'meow meow!',
  timestamp: '2023-07-13T18:45:21.552Z'
}
{
  message: 'SIGTERM IS RECEIVED',
  level: 'info',
  label: 'meow meow!',
  timestamp: '2023-07-13T18:54:35.040Z'
}
