{
  message: '🧑‍💻 Database connected successfully',
  level: 'info',
  label: 'meow meow!',
  timestamp: '2023-07-15T18:33:04.565Z'
}
{
  message: 'Example app listening on port 5000',
  level: 'info',
  label: 'meow meow!',
  timestamp: '2023-07-15T18:33:04.591Z'
}
{
  message: 'SIGTERM IS RECEIVED',
  level: 'info',
  label: 'meow meow!',
  timestamp: '2023-07-15T18:33:54.761Z'
}
{
  message: '🧑‍💻 Database connected successfully',
  level: 'info',
  label: 'meow meow!',
  timestamp: '2023-07-15T18:34:43.719Z'
}
{
  message: 'Example app listening on port 5000',
  level: 'info',
  label: 'meow meow!',
  timestamp: '2023-07-15T18:34:43.731Z'
}
{
  message: 'SIGTERM IS RECEIVED',
  level: 'info',
  label: 'meow meow!',
  timestamp: '2023-07-15T18:35:31.358Z'
}
{
  message: '🧑‍💻 Database connected successfully',
  level: 'info',
  label: 'meow meow!',
  timestamp: '2023-07-15T18:36:43.179Z'
}
{
  message: 'Example app listening on port 5000',
  level: 'info',
  label: 'meow meow!',
  timestamp: '2023-07-15T18:36:43.191Z'
}
{
  message: 'SIGTERM IS RECEIVED',
  level: 'info',
  label: 'meow meow!',
  timestamp: '2023-07-15T18:51:09.125Z'
}
{
  message: '🧑‍💻 Database connected successfully',
  level: 'info',
  label: 'meow meow!',
  timestamp: '2023-07-15T18:57:04.546Z'
}
{
  message: 'Example app listening on port 5000',
  level: 'info',
  label: 'meow meow!',
  timestamp: '2023-07-15T18:57:04.614Z'
}
{
  message: 'SIGTERM IS RECEIVED',
  level: 'info',
  label: 'meow meow!',
  timestamp: '2023-07-15T18:57:48.557Z'
}
