{
  message: '🧑‍💻 Database connected successfully',
  level: 'info',
  label: 'meow meow!',
  timestamp: '2023-07-16T17:24:27.538Z'
}
{
  message: 'Example app listening on port 5000',
  level: 'info',
  label: 'meow meow!',
  timestamp: '2023-07-16T17:24:27.549Z'
}
{
  message: 'SIGTERM IS RECEIVED',
  level: 'info',
  label: 'meow meow!',
  timestamp: '2023-07-16T17:27:19.295Z'
}
{
  message: '🧑‍💻 Database connected successfully',
  level: 'info',
  label: 'meow meow!',
  timestamp: '2023-07-16T17:31:20.382Z'
}
{
  message: 'Example app listening on port 5000',
  level: 'info',
  label: 'meow meow!',
  timestamp: '2023-07-16T17:31:20.392Z'
}
{
  message: 'SIGTERM IS RECEIVED',
  level: 'info',
  label: 'meow meow!',
  timestamp: '2023-07-16T17:32:29.540Z'
}
{
  message: '🧑‍💻 Database connected successfully',
  level: 'info',
  label: 'meow meow!',
  timestamp: '2023-07-16T17:38:52.787Z'
}
{
  message: 'Example app listening on port 5000',
  level: 'info',
  label: 'meow meow!',
  timestamp: '2023-07-16T17:38:52.798Z'
}
