{
  stringValue: '"64b32b23fb5f377768f061"',
  messageFormat: undefined,
  kind: 'ObjectId',
  value: '64b32b23fb5f377768f061',
  path: '_id',
  reason: BSONError: Argument passed in must be a string of 12 bytes or a string of 24 hex characters or an integer
      at new ObjectId (/Users/sabbir/Desktop/level-2/big project /university-management-auth-service-backend/node_modules/bson/src/objectid.ts:88:15)
      at castObjectId (/Users/sabbir/Desktop/level-2/big project /university-management-auth-service-backend/node_modules/mongoose/lib/cast/objectid.js:25:12)
      at ObjectId.cast (/Users/sabbir/Desktop/level-2/big project /university-management-auth-service-backend/node_modules/mongoose/lib/schema/objectid.js:246:12)
      at ObjectId.SchemaType.applySetters (/Users/sabbir/Desktop/level-2/big project /university-management-auth-service-backend/node_modules/mongoose/lib/schematype.js:1204:12)
      at ObjectId.SchemaType.castForQuery (/Users/sabbir/Desktop/level-2/big project /university-management-auth-service-backend/node_modules/mongoose/lib/schematype.js:1616:15)
      at cast (/Users/sabbir/Desktop/level-2/big project /university-management-auth-service-backend/node_modules/mongoose/lib/cast.js:348:32)
      at model.Query.Query.cast (/Users/sabbir/Desktop/level-2/big project /university-management-auth-service-backend/node_modules/mongoose/lib/query.js:4874:12)
      at model.Query.Query._castConditions (/Users/sabbir/Desktop/level-2/big project /university-management-auth-service-backend/node_modules/mongoose/lib/query.js:2210:10)
      at model.Query._findOne (/Users/sabbir/Desktop/level-2/big project /university-management-auth-service-backend/node_modules/mongoose/lib/query.js:2497:8)
      at model.Query.exec (/Users/sabbir/Desktop/level-2/big project /university-management-auth-service-backend/node_modules/mongoose/lib/query.js:4404:28),
  valueType: 'string',
  model: Model { AcademicSemester },
  level: 'error',
  label: 'ghew ghew!',
  timestamp: '2023-07-16T20:09:02.156Z'
}
{
  stringValue: '"64b32b23fb5f377768f061"',
  messageFormat: undefined,
  kind: 'ObjectId',
  value: '64b32b23fb5f377768f061',
  path: '_id',
  reason: BSONError: Argument passed in must be a string of 12 bytes or a string of 24 hex characters or an integer
      at new ObjectId (/Users/sabbir/Desktop/level-2/big project /university-management-auth-service-backend/node_modules/bson/src/objectid.ts:88:15)
      at castObjectId (/Users/sabbir/Desktop/level-2/big project /university-management-auth-service-backend/node_modules/mongoose/lib/cast/objectid.js:25:12)
      at ObjectId.cast (/Users/sabbir/Desktop/level-2/big project /university-management-auth-service-backend/node_modules/mongoose/lib/schema/objectid.js:246:12)
      at ObjectId.SchemaType.applySetters (/Users/sabbir/Desktop/level-2/big project /university-management-auth-service-backend/node_modules/mongoose/lib/schematype.js:1204:12)
      at ObjectId.SchemaType.castForQuery (/Users/sabbir/Desktop/level-2/big project /university-management-auth-service-backend/node_modules/mongoose/lib/schematype.js:1616:15)
      at cast (/Users/sabbir/Desktop/level-2/big project /university-management-auth-service-backend/node_modules/mongoose/lib/cast.js:348:32)
      at model.Query.Query.cast (/Users/sabbir/Desktop/level-2/big project /university-management-auth-service-backend/node_modules/mongoose/lib/query.js:4874:12)
      at model.Query.Query._castConditions (/Users/sabbir/Desktop/level-2/big project /university-management-auth-service-backend/node_modules/mongoose/lib/query.js:2210:10)
      at model.Query._findOne (/Users/sabbir/Desktop/level-2/big project /university-management-auth-service-backend/node_modules/mongoose/lib/query.js:2497:8)
      at model.Query.exec (/Users/sabbir/Desktop/level-2/big project /university-management-auth-service-backend/node_modules/mongoose/lib/query.js:4404:28),
  valueType: 'string',
  model: Model { AcademicSemester },
  level: 'error',
  label: 'ghew ghew!',
  timestamp: '2023-07-16T20:19:34.232Z'
}
{
  stringValue: '"64b32b23fb5f377768f"',
  messageFormat: undefined,
  kind: 'ObjectId',
  value: '64b32b23fb5f377768f',
  path: '_id',
  reason: BSONError: Argument passed in must be a string of 12 bytes or a string of 24 hex characters or an integer
      at new ObjectId (/Users/sabbir/Desktop/level-2/big project /university-management-auth-service-backend/node_modules/bson/src/objectid.ts:88:15)
      at castObjectId (/Users/sabbir/Desktop/level-2/big project /university-management-auth-service-backend/node_modules/mongoose/lib/cast/objectid.js:25:12)
      at ObjectId.cast (/Users/sabbir/Desktop/level-2/big project /university-management-auth-service-backend/node_modules/mongoose/lib/schema/objectid.js:246:12)
      at ObjectId.SchemaType.applySetters (/Users/sabbir/Desktop/level-2/big project /university-management-auth-service-backend/node_modules/mongoose/lib/schematype.js:1204:12)
      at ObjectId.SchemaType.castForQuery (/Users/sabbir/Desktop/level-2/big project /university-management-auth-service-backend/node_modules/mongoose/lib/schematype.js:1616:15)
      at cast (/Users/sabbir/Desktop/level-2/big project /university-management-auth-service-backend/node_modules/mongoose/lib/cast.js:348:32)
      at model.Query.Query.cast (/Users/sabbir/Desktop/level-2/big project /university-management-auth-service-backend/node_modules/mongoose/lib/query.js:4874:12)
      at model.Query.Query._castConditions (/Users/sabbir/Desktop/level-2/big project /university-management-auth-service-backend/node_modules/mongoose/lib/query.js:2210:10)
      at model.Query._findOne (/Users/sabbir/Desktop/level-2/big project /university-management-auth-service-backend/node_modules/mongoose/lib/query.js:2497:8)
      at model.Query.exec (/Users/sabbir/Desktop/level-2/big project /university-management-auth-service-backend/node_modules/mongoose/lib/query.js:4404:28),
  valueType: 'string',
  model: Model { AcademicSemester },
  level: 'error',
  label: 'ghew ghew!',
  timestamp: '2023-07-16T20:20:51.602Z'
}
{
  stringValue: '"64b32b23fb5f37776"',
  messageFormat: undefined,
  kind: 'ObjectId',
  value: '64b32b23fb5f37776',
  path: '_id',
  reason: BSONError: Argument passed in must be a string of 12 bytes or a string of 24 hex characters or an integer
      at new ObjectId (/Users/sabbir/Desktop/level-2/big project /university-management-auth-service-backend/node_modules/bson/src/objectid.ts:88:15)
      at castObjectId (/Users/sabbir/Desktop/level-2/big project /university-management-auth-service-backend/node_modules/mongoose/lib/cast/objectid.js:25:12)
      at ObjectId.cast (/Users/sabbir/Desktop/level-2/big project /university-management-auth-service-backend/node_modules/mongoose/lib/schema/objectid.js:246:12)
      at ObjectId.SchemaType.applySetters (/Users/sabbir/Desktop/level-2/big project /university-management-auth-service-backend/node_modules/mongoose/lib/schematype.js:1204:12)
      at ObjectId.SchemaType.castForQuery (/Users/sabbir/Desktop/level-2/big project /university-management-auth-service-backend/node_modules/mongoose/lib/schematype.js:1616:15)
      at cast (/Users/sabbir/Desktop/level-2/big project /university-management-auth-service-backend/node_modules/mongoose/lib/cast.js:348:32)
      at model.Query.Query.cast (/Users/sabbir/Desktop/level-2/big project /university-management-auth-service-backend/node_modules/mongoose/lib/query.js:4874:12)
      at model.Query.Query._castConditions (/Users/sabbir/Desktop/level-2/big project /university-management-auth-service-backend/node_modules/mongoose/lib/query.js:2210:10)
      at model.Query._findOne (/Users/sabbir/Desktop/level-2/big project /university-management-auth-service-backend/node_modules/mongoose/lib/query.js:2497:8)
      at model.Query.exec (/Users/sabbir/Desktop/level-2/big project /university-management-auth-service-backend/node_modules/mongoose/lib/query.js:4404:28),
  valueType: 'string',
  model: Model { AcademicSemester },
  level: 'error',
  label: 'ghew ghew!',
  timestamp: '2023-07-16T20:22:43.313Z'
}
{
  stringValue: '"64b32b23fb5f37776"',
  messageFormat: undefined,
  kind: 'ObjectId',
  value: '64b32b23fb5f37776',
  path: '_id',
  reason: BSONError: Argument passed in must be a string of 12 bytes or a string of 24 hex characters or an integer
      at new ObjectId (/Users/sabbir/Desktop/level-2/big project /university-management-auth-service-backend/node_modules/bson/src/objectid.ts:88:15)
      at castObjectId (/Users/sabbir/Desktop/level-2/big project /university-management-auth-service-backend/node_modules/mongoose/lib/cast/objectid.js:25:12)
      at ObjectId.cast (/Users/sabbir/Desktop/level-2/big project /university-management-auth-service-backend/node_modules/mongoose/lib/schema/objectid.js:246:12)
      at ObjectId.SchemaType.applySetters (/Users/sabbir/Desktop/level-2/big project /university-management-auth-service-backend/node_modules/mongoose/lib/schematype.js:1204:12)
      at ObjectId.SchemaType.castForQuery (/Users/sabbir/Desktop/level-2/big project /university-management-auth-service-backend/node_modules/mongoose/lib/schematype.js:1616:15)
      at cast (/Users/sabbir/Desktop/level-2/big project /university-management-auth-service-backend/node_modules/mongoose/lib/cast.js:348:32)
      at model.Query.Query.cast (/Users/sabbir/Desktop/level-2/big project /university-management-auth-service-backend/node_modules/mongoose/lib/query.js:4874:12)
      at model.Query.Query._castConditions (/Users/sabbir/Desktop/level-2/big project /university-management-auth-service-backend/node_modules/mongoose/lib/query.js:2210:10)
      at model.Query._findOne (/Users/sabbir/Desktop/level-2/big project /university-management-auth-service-backend/node_modules/mongoose/lib/query.js:2497:8)
      at model.Query.exec (/Users/sabbir/Desktop/level-2/big project /university-management-auth-service-backend/node_modules/mongoose/lib/query.js:4404:28),
  valueType: 'string',
  model: Model { AcademicSemester },
  level: 'error',
  label: 'ghew ghew!',
  timestamp: '2023-07-16T20:23:21.971Z'
}
